# JRE version: Java(TM) SE Runtime Environment (8.0_311-b11) (build 1.8.0_311-b11)
# Java VM: Java HotSpot(TM) 64-Bit Server VM (25.311-b11 mixed mode windows-amd64 compressed oops)
Heap:
 PSYoungGen      total 76288K, used 17212K [0x00000000f5580000, 0x00000000fd980000, 0x0000000100000000)
  eden space 65536K, 18% used [0x00000000f5580000,0x00000000f61a1710,0x00000000f9580000)
  from space 10752K, 44% used [0x00000000f9580000,0x00000000f9a2da20,0x00000000fa000000)
  to   space 13312K, 0% used [0x00000000fcc80000,0x00000000fcc80000,0x00000000fd980000)
 ParOldGen       total 175104K, used 9965K [0x00000000e0000000, 0x00000000eab00000, 0x00000000f5580000)
  object space 175104K, 5% used [0x00000000e0000000,0x00000000e09bb6a8,0x00000000eab00000)
 Metaspace       used 25209K, capacity 26222K, committed 26368K, reserved 1071104K
  class space    used 3780K, capacity 4049K, committed 4096K, reserved 1048576K
GC Heap History (10 events):
Event: 6.463 GC heap before
{Heap before GC invocations=2 (full 0):
 PSYoungGen      total 76288K, used 71858K [0x00000000f5580000, 0x00000000faa80000, 0x0000000100000000)
  eden space 65536K, 100% used [0x00000000f5580000,0x00000000f9580000,0x00000000f9580000)
  from space 10752K, 58% used [0x00000000f9580000,0x00000000f9bac8f8,0x00000000fa000000)
  to   space 10752K, 0% used [0x00000000fa000000,0x00000000fa000000,0x00000000faa80000)
 ParOldGen       total 175104K, used 16K [0x00000000e0000000, 0x00000000eab00000, 0x00000000f5580000)
  object space 175104K, 0% used [0x00000000e0000000,0x00000000e0004000,0x00000000eab00000)
 Metaspace       used 13463K, capacity 13870K, committed 14080K, reserved 1060864K
  class space    used 1875K, capacity 1993K, committed 2048K, reserved 1048576K
Event: 6.480 GC heap after
Heap after GC invocations=2 (full 0):
 PSYoungGen      total 76288K, used 9054K [0x00000000f5580000, 0x00000000faa80000, 0x0000000100000000)
  eden space 65536K, 0% used [0x00000000f5580000,0x00000000f5580000,0x00000000f9580000)
  from space 10752K, 84% used [0x00000000fa000000,0x00000000fa8d7bc8,0x00000000faa80000)
  to   space 10752K, 0% used [0x00000000f9580000,0x00000000f9580000,0x00000000fa000000)
 ParOldGen       total 175104K, used 24K [0x00000000e0000000, 0x00000000eab00000, 0x00000000f5580000)
  object space 175104K, 0% used [0x00000000e0000000,0x00000000e0006000,0x00000000eab00000)
 Metaspace       used 13463K, capacity 13870K, committed 14080K, reserved 1060864K
  class space    used 1875K, capacity 1993K, committed 2048K, reserved 1048576K
}
Event: 8.132 GC heap before
{Heap before GC invocations=3 (full 0):
 PSYoungGen      total 76288K, used 74590K [0x00000000f5580000, 0x00000000faa80000, 0x0000000100000000)
  eden space 65536K, 100% used [0x00000000f5580000,0x00000000f9580000,0x00000000f9580000)
  from space 10752K, 84% used [0x00000000fa000000,0x00000000fa8d7bc8,0x00000000faa80000)
  to   space 10752K, 0% used [0x00000000f9580000,0x00000000f9580000,0x00000000fa000000)
 ParOldGen       total 175104K, used 24K [0x00000000e0000000, 0x00000000eab00000, 0x00000000f5580000)
  object space 175104K, 0% used [0x00000000e0000000,0x00000000e0006000,0x00000000eab00000)
 Metaspace       used 17753K, capacity 18304K, committed 18432K, reserved 1064960K
  class space    used 2581K, capacity 2756K, committed 2816K, reserved 1048576K
Event: 8.146 GC heap after
Heap after GC invocations=3 (full 0):
 PSYoungGen      total 76288K, used 10710K [0x00000000f5580000, 0x00000000faa80000, 0x0000000100000000)
  eden space 65536K, 0% used [0x00000000f5580000,0x00000000f5580000,0x00000000f9580000)
  from space 10752K, 99% used [0x00000000f9580000,0x00000000f9ff5830,0x00000000fa000000)
  to   space 10752K, 0% used [0x00000000fa000000,0x00000000fa000000,0x00000000faa80000)
 ParOldGen       total 175104K, used 32K [0x00000000e0000000, 0x00000000eab00000, 0x00000000f5580000)
  object space 175104K, 0% used [0x00000000e0000000,0x00000000e0008000,0x00000000eab00000)
 Metaspace       used 17753K, capacity 18304K, committed 18432K, reserved 1064960K
  class space    used 2581K, capacity 2756K, committed 2816K, reserved 1048576K
}
Event: 8.737 GC heap before
{Heap before GC invocations=4 (full 0):
 PSYoungGen      total 76288K, used 50793K [0x00000000f5580000, 0x00000000faa80000, 0x0000000100000000)
  eden space 65536K, 61% used [0x00000000f5580000,0x00000000f7ca4c38,0x00000000f9580000)
  from space 10752K, 99% used [0x00000000f9580000,0x00000000f9ff5830,0x00000000fa000000)
  to   space 10752K, 0% used [0x00000000fa000000,0x00000000fa000000,0x00000000faa80000)
 ParOldGen       total 175104K, used 32K [0x00000000e0000000, 0x00000000eab00000, 0x00000000f5580000)
  object space 175104K, 0% used [0x00000000e0000000,0x00000000e0008000,0x00000000eab00000)
 Metaspace       used 20521K, capacity 21196K, committed 21296K, reserved 1067008K
  class space    used 3017K, capacity 3174K, committed 3200K, reserved 1048576K
Event: 8.754 GC heap after
Heap after GC invocations=4 (full 0):
 PSYoungGen      total 76288K, used 10178K [0x00000000f5580000, 0x00000000fea80000, 0x0000000100000000)
  eden space 65536K, 0% used [0x00000000f5580000,0x00000000f5580000,0x00000000f9580000)
  from space 10752K, 94% used [0x00000000fa000000,0x00000000fa9f0b60,0x00000000faa80000)
  to   space 10752K, 0% used [0x00000000f9580000,0x00000000f9580000,0x00000000fa000000)
 ParOldGen       total 175104K, used 40K [0x00000000e0000000, 0x00000000eab00000, 0x00000000f5580000)
  object space 175104K, 0% used [0x00000000e0000000,0x00000000e000a000,0x00000000eab00000)
 Metaspace       used 20521K, capacity 21196K, committed 21296K, reserved 1067008K
  class space    used 3017K, capacity 3174K, committed 3200K, reserved 1048576K
}
Event: 8.754 GC heap before
{Heap before GC invocations=5 (full 1):
 PSYoungGen      total 76288K, used 10178K [0x00000000f5580000, 0x00000000fea80000, 0x0000000100000000)
  eden space 65536K, 0% used [0x00000000f5580000,0x00000000f5580000,0x00000000f9580000)
  from space 10752K, 94% used [0x00000000fa000000,0x00000000fa9f0b60,0x00000000faa80000)
  to   space 10752K, 0% used [0x00000000f9580000,0x00000000f9580000,0x00000000fa000000)
 ParOldGen       total 175104K, used 40K [0x00000000e0000000, 0x00000000eab00000, 0x00000000f5580000)
  object space 175104K, 0% used [0x00000000e0000000,0x00000000e000a000,0x00000000eab00000)
 Metaspace       used 20521K, capacity 21196K, committed 21296K, reserved 1067008K
  class space    used 3017K, capacity 3174K, committed 3200K, reserved 1048576K
Event: 8.809 GC heap after
Heap after GC invocations=5 (full 1):
 PSYoungGen      total 76288K, used 0K [0x00000000f5580000, 0x00000000fea80000, 0x0000000100000000)
  eden space 65536K, 0% used [0x00000000f5580000,0x00000000f5580000,0x00000000f9580000)
  from space 10752K, 0% used [0x00000000fa000000,0x00000000fa000000,0x00000000faa80000)
  to   space 10752K, 0% used [0x00000000f9580000,0x00000000f9580000,0x00000000fa000000)
 ParOldGen       total 175104K, used 9957K [0x00000000e0000000, 0x00000000eab00000, 0x00000000f5580000)
  object space 175104K, 5% used [0x00000000e0000000,0x00000000e09b96a8,0x00000000eab00000)
 Metaspace       used 20521K, capacity 21196K, committed 21296K, reserved 1067008K
  class space    used 3017K, capacity 3174K, committed 3200K, reserved 1048576K
}
Event: 10.783 GC heap before
{Heap before GC invocations=6 (full 1):
 PSYoungGen      total 76288K, used 65536K [0x00000000f5580000, 0x00000000fea80000, 0x0000000100000000)
  eden space 65536K, 100% used [0x00000000f5580000,0x00000000f9580000,0x00000000f9580000)
  from space 10752K, 0% used [0x00000000fa000000,0x00000000fa000000,0x00000000faa80000)
  to   space 10752K, 0% used [0x00000000f9580000,0x00000000f9580000,0x00000000fa000000)
 ParOldGen       total 175104K, used 9957K [0x00000000e0000000, 0x00000000eab00000, 0x00000000f5580000)
  object space 175104K, 5% used [0x00000000e0000000,0x00000000e09b96a8,0x00000000eab00000)
 Metaspace       used 24296K, capacity 25282K, committed 25472K, reserved 1071104K
  class space    used 3635K, capacity 3869K, committed 3968K, reserved 1048576K
Event: 10.813 GC heap after
Heap after GC invocations=6 (full 1):
 PSYoungGen      total 76288K, used 4790K [0x00000000f5580000, 0x00000000fd980000, 0x0000000100000000)
  eden space 65536K, 0% used [0x00000000f5580000,0x00000000f5580000,0x00000000f9580000)
  from space 10752K, 44% used [0x00000000f9580000,0x00000000f9a2da20,0x00000000fa000000)
  to   space 13312K, 0% used [0x00000000fcc80000,0x00000000fcc80000,0x00000000fd980000)
 ParOldGen       total 175104K, used 9965K [0x00000000e0000000, 0x00000000eab00000, 0x00000000f5580000)
  object space 175104K, 5% used [0x00000000e0000000,0x00000000e09bb6a8,0x00000000eab00000)
 Metaspace       used 24296K, capacity 25282K, committed 25472K, reserved 1071104K
  class space    used 3635K, capacity 3869K, committed 3968K, reserved 1048576K
}

