# JRE version: Java(TM) SE Runtime Environment (8.0_311-b11) (build 1.8.0_311-b11)
# Java VM: Java HotSpot(TM) 64-Bit Server VM (25.311-b11 mixed mode windows-amd64 compressed oops)
Heap:
 PSYoungGen      total 154624K, used 130311K [0x00000000f5580000, 0x00000000ffe80000, 0x0000000100000000)
  eden space 145408K, 83% used [0x00000000f5580000,0x00000000fcbecd88,0x00000000fe380000)
  from space 9216K, 98% used [0x00000000fe380000,0x00000000fec54e98,0x00000000fec80000)
  to   space 13824K, 0% used [0x00000000ff100000,0x00000000ff100000,0x00000000ffe80000)
 ParOldGen       total 175104K, used 15751K [0x00000000e0000000, 0x00000000eab00000, 0x00000000f5580000)
  object space 175104K, 8% used [0x00000000e0000000,0x00000000e0f61c38,0x00000000eab00000)
 Metaspace       used 47162K, capacity 50556K, committed 50816K, reserved 1093632K
  class space    used 6942K, capacity 7515K, committed 7552K, reserved 1048576K
GC Heap History (10 events):
Event: 6.433 GC heap before
{Heap before GC invocations=5 (full 1):
 PSYoungGen      total 141824K, used 10235K [0x00000000f5580000, 0x00000000fea80000, 0x0000000100000000)
  eden space 131072K, 0% used [0x00000000f5580000,0x00000000f5580000,0x00000000fd580000)
  from space 10752K, 95% used [0x00000000fe000000,0x00000000fe9fec68,0x00000000fea80000)
  to   space 10752K, 0% used [0x00000000fd580000,0x00000000fd580000,0x00000000fe000000)
 ParOldGen       total 175104K, used 68K [0x00000000e0000000, 0x00000000eab00000, 0x00000000f5580000)
  object space 175104K, 0% used [0x00000000e0000000,0x00000000e0011390,0x00000000eab00000)
 Metaspace       used 20521K, capacity 21248K, committed 21296K, reserved 1067008K
  class space    used 3017K, capacity 3174K, committed 3200K, reserved 1048576K
Event: 6.498 GC heap after
Heap after GC invocations=5 (full 1):
 PSYoungGen      total 141824K, used 0K [0x00000000f5580000, 0x00000000fea80000, 0x0000000100000000)
  eden space 131072K, 0% used [0x00000000f5580000,0x00000000f5580000,0x00000000fd580000)
  from space 10752K, 0% used [0x00000000fe000000,0x00000000fe000000,0x00000000fea80000)
  to   space 10752K, 0% used [0x00000000fd580000,0x00000000fd580000,0x00000000fe000000)
 ParOldGen       total 175104K, used 9972K [0x00000000e0000000, 0x00000000eab00000, 0x00000000f5580000)
  object space 175104K, 5% used [0x00000000e0000000,0x00000000e09bd2e0,0x00000000eab00000)
 Metaspace       used 20521K, capacity 21248K, committed 21296K, reserved 1067008K
  class space    used 3017K, capacity 3174K, committed 3200K, reserved 1048576K
}
Event: 7.852 GC heap before
{Heap before GC invocations=6 (full 1):
 PSYoungGen      total 141824K, used 131072K [0x00000000f5580000, 0x00000000fea80000, 0x0000000100000000)
  eden space 131072K, 100% used [0x00000000f5580000,0x00000000fd580000,0x00000000fd580000)
  from space 10752K, 0% used [0x00000000fe000000,0x00000000fe000000,0x00000000fea80000)
  to   space 10752K, 0% used [0x00000000fd580000,0x00000000fd580000,0x00000000fe000000)
 ParOldGen       total 175104K, used 9972K [0x00000000e0000000, 0x00000000eab00000, 0x00000000f5580000)
  object space 175104K, 5% used [0x00000000e0000000,0x00000000e09bd2e0,0x00000000eab00000)
 Metaspace       used 32248K, capacity 33630K, committed 33920K, reserved 1079296K
  class space    used 4580K, capacity 4904K, committed 4992K, reserved 1048576K
Event: 7.879 GC heap after
Heap after GC invocations=6 (full 1):
 PSYoungGen      total 141824K, used 10741K [0x00000000f5580000, 0x0000000100000000, 0x0000000100000000)
  eden space 131072K, 0% used [0x00000000f5580000,0x00000000f5580000,0x00000000fd580000)
  from space 10752K, 99% used [0x00000000fd580000,0x00000000fdffd5d0,0x00000000fe000000)
  to   space 14848K, 0% used [0x00000000ff180000,0x00000000ff180000,0x0000000100000000)
 ParOldGen       total 175104K, used 12220K [0x00000000e0000000, 0x00000000eab00000, 0x00000000f5580000)
  object space 175104K, 6% used [0x00000000e0000000,0x00000000e0bef318,0x00000000eab00000)
 Metaspace       used 32248K, capacity 33630K, committed 33920K, reserved 1079296K
  class space    used 4580K, capacity 4904K, committed 4992K, reserved 1048576K
}
Event: 8.231 GC heap before
{Heap before GC invocations=7 (full 1):
 PSYoungGen      total 141824K, used 50042K [0x00000000f5580000, 0x0000000100000000, 0x0000000100000000)
  eden space 131072K, 29% used [0x00000000f5580000,0x00000000f7be13d0,0x00000000fd580000)
  from space 10752K, 99% used [0x00000000fd580000,0x00000000fdffd5d0,0x00000000fe000000)
  to   space 14848K, 0% used [0x00000000ff180000,0x00000000ff180000,0x0000000100000000)
 ParOldGen       total 175104K, used 12220K [0x00000000e0000000, 0x00000000eab00000, 0x00000000f5580000)
  object space 175104K, 6% used [0x00000000e0000000,0x00000000e0bef318,0x00000000eab00000)
 Metaspace       used 34008K, capacity 35422K, committed 35456K, reserved 1079296K
  class space    used 4884K, capacity 5221K, committed 5248K, reserved 1048576K
Event: 8.240 GC heap after
Heap after GC invocations=7 (full 1):
 PSYoungGen      total 160256K, used 8408K [0x00000000f5580000, 0x0000000100000000, 0x0000000100000000)
  eden space 145408K, 0% used [0x00000000f5580000,0x00000000f5580000,0x00000000fe380000)
  from space 14848K, 56% used [0x00000000ff180000,0x00000000ff9b6010,0x0000000100000000)
  to   space 14336K, 0% used [0x00000000fe380000,0x00000000fe380000,0x00000000ff180000)
 ParOldGen       total 175104K, used 12228K [0x00000000e0000000, 0x00000000eab00000, 0x00000000f5580000)
  object space 175104K, 6% used [0x00000000e0000000,0x00000000e0bf1318,0x00000000eab00000)
 Metaspace       used 34008K, capacity 35422K, committed 35456K, reserved 1079296K
  class space    used 4884K, capacity 5221K, committed 5248K, reserved 1048576K
}
Event: 8.240 GC heap before
{Heap before GC invocations=8 (full 2):
 PSYoungGen      total 160256K, used 8408K [0x00000000f5580000, 0x0000000100000000, 0x0000000100000000)
  eden space 145408K, 0% used [0x00000000f5580000,0x00000000f5580000,0x00000000fe380000)
  from space 14848K, 56% used [0x00000000ff180000,0x00000000ff9b6010,0x0000000100000000)
  to   space 14336K, 0% used [0x00000000fe380000,0x00000000fe380000,0x00000000ff180000)
 ParOldGen       total 175104K, used 12228K [0x00000000e0000000, 0x00000000eab00000, 0x00000000f5580000)
  object space 175104K, 6% used [0x00000000e0000000,0x00000000e0bf1318,0x00000000eab00000)
 Metaspace       used 34008K, capacity 35422K, committed 35456K, reserved 1079296K
  class space    used 4884K, capacity 5221K, committed 5248K, reserved 1048576K
Event: 8.290 GC heap after
Heap after GC invocations=8 (full 2):
 PSYoungGen      total 160256K, used 0K [0x00000000f5580000, 0x0000000100000000, 0x0000000100000000)
  eden space 145408K, 0% used [0x00000000f5580000,0x00000000f5580000,0x00000000fe380000)
  from space 14848K, 0% used [0x00000000ff180000,0x00000000ff180000,0x0000000100000000)
  to   space 14336K, 0% used [0x00000000fe380000,0x00000000fe380000,0x00000000ff180000)
 ParOldGen       total 175104K, used 15743K [0x00000000e0000000, 0x00000000eab00000, 0x00000000f5580000)
  object space 175104K, 8% used [0x00000000e0000000,0x00000000e0f5fc38,0x00000000eab00000)
 Metaspace       used 34008K, capacity 35422K, committed 35456K, reserved 1079296K
  class space    used 4884K, capacity 5221K, committed 5248K, reserved 1048576K
}
Event: 11.115 GC heap before
{Heap before GC invocations=9 (full 2):
 PSYoungGen      total 160256K, used 145408K [0x00000000f5580000, 0x0000000100000000, 0x0000000100000000)
  eden space 145408K, 100% used [0x00000000f5580000,0x00000000fe380000,0x00000000fe380000)
  from space 14848K, 0% used [0x00000000ff180000,0x00000000ff180000,0x0000000100000000)
  to   space 14336K, 0% used [0x00000000fe380000,0x00000000fe380000,0x00000000ff180000)
 ParOldGen       total 175104K, used 15743K [0x00000000e0000000, 0x00000000eab00000, 0x00000000f5580000)
  object space 175104K, 8% used [0x00000000e0000000,0x00000000e0f5fc38,0x00000000eab00000)
 Metaspace       used 41179K, capacity 43386K, committed 43520K, reserved 1087488K
  class space    used 5952K, capacity 6379K, committed 6400K, reserved 1048576K
Event: 11.124 GC heap after
Heap after GC invocations=9 (full 2):
 PSYoungGen      total 154624K, used 9043K [0x00000000f5580000, 0x00000000ffe80000, 0x0000000100000000)
  eden space 145408K, 0% used [0x00000000f5580000,0x00000000f5580000,0x00000000fe380000)
  from space 9216K, 98% used [0x00000000fe380000,0x00000000fec54e98,0x00000000fec80000)
  to   space 13824K, 0% used [0x00000000ff100000,0x00000000ff100000,0x00000000ffe80000)
 ParOldGen       total 175104K, used 15751K [0x00000000e0000000, 0x00000000eab00000, 0x00000000f5580000)
  object space 175104K, 8% used [0x00000000e0000000,0x00000000e0f61c38,0x00000000eab00000)
 Metaspace       used 41179K, capacity 43386K, committed 43520K, reserved 1087488K
  class space    used 5952K, capacity 6379K, committed 6400K, reserved 1048576K
}

